{
  "RSpec": {
    "coverage": {
      "/Users/igor/Fadendaten/solidus_six_saferpay/spec/support/uses_payment_page_gateway.rb": [
        1,
        null,
        4,
        null,
        4,
        4,
        4,
        null,
        4,
        null,
        null,
        4,
        4,
        4,
        4,
        4,
        4,
        4,
        4,
        null,
        null,
        4,
        4,
        null,
        null,
        null,
        null,
        null,
        null
      ],
      "/Users/igor/Fadendaten/solidus_six_saferpay/spec/support/uses_transaction_gateway.rb": [
        1,
        null,
        4,
        null,
        4,
        4,
        4,
        4,
        null,
        null,
        4,
        4,
        4,
        4,
        4,
        4,
        4,
        4,
        null,
        null,
        4,
        4,
        null,
        null,
        null,
        null,
        null,
        null
      ],
      "/Users/igor/Fadendaten/solidus_six_saferpay/spec/support/route_access.rb": [
        1,
        null,
        8,
        8,
        null,
        null
      ],
      "/Users/igor/Fadendaten/solidus_six_saferpay/app/controllers/spree/solidus_six_saferpay/checkout_controller.rb": [
        1,
        1,
        1,
        null,
        1,
        null,
        1,
        6,
        6,
        null,
        6,
        2,
        2,
        null,
        null,
        4,
        null,
        null,
        null,
        1,
        16,
        null,
        16,
        null,
        2,
        null,
        null,
        null,
        null,
        null,
        null,
        null,
        null,
        null,
        null,
        null,
        14,
        null,
        14,
        null,
        8,
        8,
        4,
        null,
        4,
        null,
        null,
        null,
        6,
        6,
        null,
        null,
        14,
        14,
        null,
        null,
        1,
        4,
        null,
        4,
        null,
        4,
        4,
        4,
        null,
        null,
        1,
        null,
        1,
        1,
        null,
        null,
        1,
        1,
        null,
        null,
        1,
        1,
        null,
        null,
        1,
        1,
        null,
        null,
        1,
        26,
        26,
        null,
        null,
        1,
        18,
        null,
        null,
        null,
        null
      ],
      "/Users/igor/Fadendaten/solidus_six_saferpay/spec/controllers/spree/solidus_six_saferpay/payment_page/checkout_controller_spec.rb": [
        1,
        null,
        1,
        14,
        null,
        14,
        12,
        4,
        null,
        1,
        null,
        1,
        13,
        13,
        null,
        null,
        1,
        2,
        4,
        4,
        null,
        1,
        1,
        null,
        1,
        null,
        null,
        null,
        1,
        2,
        null,
        1,
        1,
        null,
        null,
        1,
        1,
        null,
        1,
        1,
        null,
        null,
        null,
        1,
        2,
        null,
        1,
        1,
        null,
        null,
        1,
        1,
        null,
        1,
        1,
        null,
        null,
        null,
        null,
        null,
        1,
        1,
        2,
        null,
        1,
        2,
        null,
        null,
        null,
        1,
        8,
        2,
        8,
        4,
        null,
        1,
        1,
        1,
        null,
        1,
        null,
        null,
        1,
        5,
        2,
        5,
        null,
        1,
        4,
        null,
        null,
        1,
        1,
        null,
        1,
        null,
        null,
        1,
        3,
        null,
        1,
        2,
        null,
        null,
        null,
        1,
        2,
        null,
        1,
        1,
        null,
        1,
        null,
        null,
        null,
        1,
        2,
        null,
        1,
        1,
        null,
        1,
        null,
        null,
        null,
        null,
        1,
        2,
        null,
        1,
        1,
        null,
        null,
        1,
        1,
        null,
        1,
        null,
        null,
        null,
        null,
        null,
        1,
        3,
        null,
        1,
        2,
        null,
        null,
        1,
        1,
        null,
        1,
        null,
        null,
        1,
        1,
        1,
        null,
        1,
        null,
        null,
        null,
        null,
        null,
        1,
        3,
        3,
        null,
        1,
        1,
        null,
        1,
        null,
        null,
        1,
        1,
        null,
        1,
        null,
        1,
        null,
        null,
        null,
        null
      ],
      "/Users/igor/Fadendaten/solidus_six_saferpay/app/controllers/spree/solidus_six_saferpay/payment_page/checkout_controller.rb": [
        1,
        1,
        1,
        null,
        1,
        null,
        1,
        null,
        1,
        3,
        null,
        null,
        1,
        7,
        null,
        null,
        1,
        4,
        null,
        null,
        1,
        5,
        null,
        null,
        null,
        null,
        null
      ],
      "/Users/igor/Fadendaten/solidus_six_saferpay/spec/controllers/spree/solidus_six_saferpay/transaction/checkout_controller_spec.rb": [
        1,
        null,
        1,
        14,
        null,
        14,
        12,
        4,
        null,
        1,
        null,
        1,
        13,
        13,
        null,
        null,
        1,
        2,
        4,
        4,
        null,
        1,
        1,
        null,
        1,
        null,
        null,
        null,
        1,
        2,
        null,
        1,
        1,
        null,
        null,
        1,
        1,
        null,
        1,
        1,
        null,
        null,
        null,
        1,
        2,
        null,
        1,
        1,
        null,
        null,
        1,
        1,
        null,
        1,
        1,
        null,
        null,
        null,
        null,
        null,
        1,
        1,
        2,
        null,
        1,
        2,
        null,
        null,
        null,
        1,
        8,
        2,
        8,
        4,
        null,
        1,
        1,
        1,
        null,
        1,
        null,
        null,
        1,
        5,
        2,
        5,
        null,
        1,
        4,
        null,
        null,
        1,
        1,
        null,
        1,
        null,
        null,
        1,
        3,
        null,
        1,
        2,
        null,
        null,
        null,
        1,
        2,
        null,
        1,
        1,
        null,
        1,
        null,
        null,
        null,
        1,
        2,
        null,
        1,
        1,
        null,
        1,
        null,
        null,
        null,
        null,
        1,
        2,
        null,
        1,
        1,
        null,
        null,
        1,
        1,
        null,
        1,
        null,
        null,
        null,
        null,
        null,
        1,
        3,
        null,
        1,
        2,
        null,
        null,
        1,
        1,
        null,
        1,
        null,
        null,
        1,
        1,
        1,
        null,
        1,
        null,
        null,
        null,
        null,
        null,
        1,
        3,
        3,
        null,
        1,
        1,
        null,
        1,
        null,
        null,
        1,
        1,
        null,
        1,
        null,
        1,
        null,
        null,
        null,
        null
      ],
      "/Users/igor/Fadendaten/solidus_six_saferpay/app/controllers/spree/solidus_six_saferpay/transaction/checkout_controller.rb": [
        1,
        1,
        null,
        1,
        1,
        null,
        1,
        null,
        1,
        3,
        null,
        null,
        1,
        7,
        null,
        null,
        1,
        4,
        null,
        null,
        1,
        5,
        null,
        null,
        null,
        null,
        null
      ],
      "/Users/igor/Fadendaten/solidus_six_saferpay/spec/models/spree/six_saferpay_payment_spec.rb": [
        1,
        null,
        1,
        1,
        1,
        1,
        2,
        2,
        null,
        null,
        1,
        2,
        2,
        null,
        null,
        null,
        null,
        null,
        null
      ],
      "/Users/igor/Fadendaten/solidus_six_saferpay/spec/services/spree/solidus_six_saferpay/assert_payment_page_spec.rb": [
        1,
        null,
        1,
        1,
        1,
        null,
        16,
        null,
        16,
        null,
        null,
        1,
        1,
        null,
        null,
        1,
        13,
        13,
        13,
        13,
        13,
        13,
        13,
        13,
        null,
        1,
        9,
        null,
        null,
        null,
        null,
        null,
        null,
        1,
        12,
        null,
        null,
        null,
        null,
        null,
        null,
        null,
        null,
        null,
        null,
        null,
        null,
        null,
        1,
        12,
        null,
        null,
        null,
        null,
        null,
        null,
        null,
        1,
        12,
        null,
        null,
        null,
        1,
        3,
        null,
        1,
        1,
        null,
        1,
        null,
        null,
        1,
        4,
        4,
        4,
        4,
        4,
        4,
        null,
        null,
        null,
        1,
        11,
        null,
        1,
        4,
        null,
        null,
        1,
        4,
        null,
        null,
        1,
        4,
        null,
        null,
        1,
        4,
        null,
        null,
        1,
        4,
        null,
        null,
        1,
        4,
        null,
        null,
        1,
        4,
        4,
        4,
        1,
        3,
        null,
        null,
        null,
        null,
        null,
        null,
        null,
        null,
        null,
        null,
        1,
        4,
        null,
        null,
        1,
        4,
        null,
        null,
        1,
        4,
        null,
        null,
        null,
        1,
        1,
        null,
        1,
        null,
        null,
        null,
        null,
        null,
        null,
        null
      ],
      "/Users/igor/Fadendaten/solidus_six_saferpay/app/services/spree/solidus_six_saferpay/assert_payment_page.rb": [
        1,
        1,
        1,
        1,
        null,
        null,
        null,
        null
      ],
      "/Users/igor/Fadendaten/solidus_six_saferpay/app/services/spree/solidus_six_saferpay/authorize_payment.rb": [
        1,
        1,
        null,
        1,
        1,
        null,
        1,
        1,
        null,
        null,
        1,
        34,
        34,
        null,
        null,
        1,
        35,
        null,
        34,
        20,
        20,
        null,
        34,
        null,
        null,
        1,
        5,
        null,
        null,
        null,
        1,
        2,
        null,
        null,
        1,
        null,
        1,
        20,
        20,
        20,
        null,
        20,
        null,
        null,
        null,
        null,
        null,
        null,
        null,
        null,
        20,
        6,
        6,
        6,
        null,
        null,
        20,
        null,
        null,
        null,
        null
      ],
      "/Users/igor/Fadendaten/solidus_six_saferpay/app/services/spree/solidus_six_saferpay/use_payment_page_gateway.rb": [
        1,
        1,
        1,
        1,
        null,
        1,
        8,
        null,
        null,
        null,
        null
      ],
      "/Users/igor/Fadendaten/solidus_six_saferpay/spec/services/spree/solidus_six_saferpay/authorize_payment_spec.rb": [
        1,
        null,
        1,
        1,
        1,
        null,
        5,
        null,
        5,
        null,
        1,
        1,
        1,
        1,
        null,
        1,
        null,
        null,
        null,
        1,
        1,
        2,
        null,
        null,
        null,
        1,
        1,
        2,
        null,
        null,
        null,
        1,
        1,
        1,
        null,
        null,
        null,
        null,
        null
      ],
      "/Users/igor/Fadendaten/solidus_six_saferpay/spec/services/spree/solidus_six_saferpay/authorize_transaction_spec.rb": [
        1,
        null,
        1,
        1,
        1,
        null,
        16,
        null,
        16,
        null,
        null,
        1,
        1,
        null,
        null,
        1,
        13,
        13,
        13,
        13,
        13,
        13,
        13,
        13,
        null,
        1,
        9,
        null,
        null,
        null,
        null,
        null,
        null,
        1,
        12,
        null,
        null,
        null,
        null,
        null,
        null,
        null,
        null,
        null,
        null,
        null,
        null,
        null,
        1,
        12,
        null,
        null,
        null,
        null,
        null,
        null,
        null,
        1,
        12,
        null,
        null,
        null,
        1,
        3,
        null,
        1,
        1,
        null,
        1,
        null,
        null,
        1,
        4,
        4,
        4,
        4,
        4,
        4,
        null,
        null,
        null,
        1,
        11,
        null,
        1,
        4,
        null,
        null,
        1,
        4,
        null,
        null,
        1,
        4,
        null,
        null,
        1,
        4,
        null,
        null,
        1,
        4,
        null,
        null,
        1,
        4,
        null,
        null,
        1,
        4,
        4,
        4,
        1,
        3,
        null,
        null,
        null,
        null,
        null,
        null,
        null,
        null,
        null,
        null,
        1,
        4,
        null,
        null,
        1,
        4,
        null,
        null,
        1,
        4,
        null,
        null,
        null,
        1,
        1,
        null,
        1,
        null,
        null,
        null,
        null,
        null,
        null,
        null
      ],
      "/Users/igor/Fadendaten/solidus_six_saferpay/app/services/spree/solidus_six_saferpay/authorize_transaction.rb": [
        1,
        1,
        1,
        1,
        null,
        null,
        null,
        null
      ],
      "/Users/igor/Fadendaten/solidus_six_saferpay/app/services/spree/solidus_six_saferpay/use_transaction_gateway.rb": [
        1,
        1,
        1,
        1,
        null,
        1,
        8,
        null,
        null,
        null,
        null
      ],
      "/Users/igor/Fadendaten/solidus_six_saferpay/spec/services/spree/solidus_six_saferpay/initialize_payment_page_spec.rb": [
        1,
        null,
        1,
        1,
        1,
        null,
        9,
        9,
        null,
        9,
        null,
        null,
        1,
        1,
        null,
        null,
        1,
        6,
        6,
        6,
        null,
        null,
        1,
        5,
        null,
        null,
        null,
        null,
        null,
        null,
        null,
        1,
        5,
        null,
        null,
        null,
        null,
        null,
        null,
        null,
        1,
        5,
        null,
        null,
        null,
        1,
        3,
        null,
        1,
        1,
        null,
        1,
        null,
        null,
        1,
        4,
        null,
        null,
        null,
        1,
        4,
        null,
        1,
        4,
        null,
        null,
        1,
        1,
        null,
        1,
        null,
        null,
        1,
        1,
        null,
        1,
        null,
        null,
        null,
        null,
        null,
        null,
        null
      ],
      "/Users/igor/Fadendaten/solidus_six_saferpay/app/services/spree/solidus_six_saferpay/initialize_payment_page.rb": [
        1,
        1,
        1,
        1,
        null,
        1,
        null,
        1,
        3,
        null,
        null,
        null,
        null,
        null,
        null
      ],
      "/Users/igor/Fadendaten/solidus_six_saferpay/app/services/spree/solidus_six_saferpay/initialize_payment.rb": [
        1,
        1,
        null,
        1,
        null,
        1,
        null,
        1,
        1,
        null,
        null,
        1,
        20,
        20,
        20,
        null,
        null,
        1,
        11,
        null,
        10,
        null,
        6,
        null,
        6,
        6,
        null,
        null,
        10,
        null,
        null,
        1,
        4,
        null,
        null,
        1,
        2,
        null,
        null,
        1,
        null,
        1,
        6,
        null,
        null,
        1,
        6,
        null,
        null,
        null,
        null,
        null,
        null,
        null,
        null,
        null,
        null
      ],
      "/Users/igor/Fadendaten/solidus_six_saferpay/spec/services/spree/solidus_six_saferpay/initialize_payment_spec.rb": [
        1,
        null,
        1,
        1,
        1,
        null,
        5,
        5,
        null,
        5,
        null,
        1,
        1,
        1,
        1,
        null,
        1,
        null,
        null,
        null,
        1,
        1,
        2,
        null,
        null,
        null,
        1,
        1,
        2,
        null,
        null,
        null,
        1,
        1,
        1,
        null,
        null,
        null,
        null,
        null
      ],
      "/Users/igor/Fadendaten/solidus_six_saferpay/spec/services/spree/solidus_six_saferpay/initialize_transaction_spec.rb": [
        1,
        null,
        1,
        1,
        1,
        null,
        9,
        9,
        null,
        9,
        null,
        null,
        1,
        1,
        null,
        null,
        1,
        6,
        6,
        6,
        null,
        null,
        1,
        5,
        null,
        null,
        null,
        null,
        null,
        null,
        null,
        null,
        null,
        1,
        5,
        null,
        null,
        null,
        null,
        null,
        null,
        null,
        1,
        5,
        null,
        null,
        null,
        1,
        3,
        null,
        1,
        1,
        null,
        1,
        null,
        null,
        1,
        4,
        null,
        null,
        null,
        1,
        4,
        null,
        1,
        4,
        null,
        null,
        1,
        1,
        null,
        1,
        null,
        null,
        1,
        1,
        null,
        1,
        null,
        null,
        null,
        null,
        null,
        null,
        null
      ],
      "/Users/igor/Fadendaten/solidus_six_saferpay/app/services/spree/solidus_six_saferpay/initialize_transaction.rb": [
        1,
        1,
        null,
        1,
        1,
        null,
        1,
        null,
        1,
        3,
        null,
        null,
        null,
        null,
        null,
        null
      ],
      "/Users/igor/Fadendaten/solidus_six_saferpay/spec/services/spree/solidus_six_saferpay/inquire_payment_page_payment_spec.rb": [
        1,
        null,
        1,
        1,
        1,
        null,
        9,
        null,
        9,
        null,
        null,
        1,
        1,
        null,
        null,
        null,
        1,
        null,
        1,
        5,
        null,
        null,
        1,
        4,
        1,
        4,
        1,
        4,
        2,
        null,
        1,
        3,
        null,
        null,
        null,
        null,
        null,
        null,
        null,
        1,
        1,
        null,
        1,
        null,
        null,
        1,
        4,
        null,
        null,
        1,
        1,
        1,
        null,
        1,
        null,
        null,
        null,
        1,
        3,
        3,
        3,
        3,
        3,
        3,
        3,
        3,
        null,
        1,
        2,
        null,
        null,
        null,
        null,
        null,
        null,
        1,
        2,
        null,
        null,
        null,
        null,
        null,
        null,
        null,
        null,
        null,
        null,
        null,
        null,
        null,
        3,
        1,
        2,
        null,
        null,
        null,
        null,
        null,
        null,
        1,
        4,
        null,
        null,
        1,
        1,
        null,
        1,
        null,
        null,
        null,
        null,
        null,
        null,
        null
      ],
      "/Users/igor/Fadendaten/solidus_six_saferpay/app/services/spree/solidus_six_saferpay/inquire_payment_page_payment.rb": [
        1,
        1,
        null,
        1,
        1,
        null,
        null,
        null
      ],
      "/Users/igor/Fadendaten/solidus_six_saferpay/app/services/spree/solidus_six_saferpay/inquire_payment.rb": [
        1,
        1,
        null,
        null,
        1,
        1,
        null,
        1,
        1,
        null,
        null,
        1,
        20,
        20,
        null,
        null,
        null,
        null,
        null,
        1,
        11,
        null,
        10,
        4,
        null,
        6,
        null,
        null,
        10,
        null,
        10,
        null,
        null,
        1,
        5,
        null,
        null,
        1,
        2,
        null,
        null,
        null,
        null
      ],
      "/Users/igor/Fadendaten/solidus_six_saferpay/spec/services/spree/solidus_six_saferpay/inquire_payment_spec.rb": [
        1,
        null,
        1,
        1,
        1,
        null,
        5,
        null,
        5,
        null,
        1,
        1,
        1,
        1,
        null,
        1,
        null,
        null,
        null,
        1,
        1,
        2,
        null,
        null,
        null,
        1,
        1,
        2,
        null,
        null,
        null,
        1,
        1,
        1,
        null,
        null,
        null,
        null,
        null
      ],
      "/Users/igor/Fadendaten/solidus_six_saferpay/spec/services/spree/solidus_six_saferpay/inquire_transaction_payment_spec.rb": [
        1,
        null,
        1,
        1,
        1,
        null,
        9,
        null,
        9,
        null,
        null,
        1,
        1,
        null,
        null,
        null,
        1,
        null,
        1,
        5,
        null,
        null,
        1,
        4,
        1,
        4,
        1,
        4,
        2,
        null,
        1,
        3,
        null,
        null,
        null,
        null,
        null,
        null,
        null,
        1,
        1,
        null,
        1,
        null,
        null,
        1,
        4,
        null,
        null,
        1,
        1,
        1,
        null,
        1,
        null,
        null,
        null,
        1,
        3,
        3,
        3,
        3,
        3,
        3,
        3,
        3,
        null,
        1,
        2,
        null,
        null,
        null,
        null,
        null,
        null,
        1,
        2,
        null,
        null,
        null,
        null,
        null,
        null,
        null,
        null,
        null,
        null,
        null,
        null,
        null,
        3,
        1,
        2,
        null,
        null,
        null,
        null,
        null,
        null,
        1,
        4,
        null,
        null,
        1,
        1,
        null,
        1,
        null,
        null,
        null,
        null,
        null,
        null,
        null
      ],
      "/Users/igor/Fadendaten/solidus_six_saferpay/app/services/spree/solidus_six_saferpay/inquire_transaction_payment.rb": [
        1,
        1,
        null,
        1,
        1,
        null,
        null,
        null
      ],
      "/Users/igor/Fadendaten/solidus_six_saferpay/spec/services/spree/solidus_six_saferpay/payment_validator_spec.rb": [
        1,
        null,
        1,
        1,
        1,
        null,
        11,
        null,
        11,
        null,
        1,
        1,
        1,
        1,
        null,
        1,
        null,
        null,
        null,
        1,
        1,
        1,
        1,
        1,
        null,
        1,
        null,
        null,
        null,
        1,
        2,
        null,
        1,
        1,
        1,
        null,
        null,
        null,
        1,
        2,
        1,
        2,
        null,
        null,
        null,
        1,
        2,
        1,
        2,
        null,
        null,
        null,
        null,
        1,
        1,
        2,
        null,
        1,
        1,
        null,
        null,
        null,
        1,
        2,
        null,
        1,
        2,
        null,
        null,
        null,
        null,
        1,
        4,
        1,
        2,
        null,
        1,
        1,
        null,
        null,
        null,
        1,
        2,
        null,
        1,
        2,
        null,
        null,
        null,
        1,
        2,
        null,
        1,
        2,
        null,
        null,
        null,
        null,
        null,
        null
      ],
      "/Users/igor/Fadendaten/solidus_six_saferpay/app/services/spree/solidus_six_saferpay/payment_validator.rb": [
        1,
        1,
        1,
        1,
        null,
        1,
        6,
        null,
        null,
        1,
        15,
        15,
        null,
        null,
        1,
        6,
        null,
        6,
        6,
        1,
        null,
        null,
        1,
        8,
        2,
        null,
        null,
        6,
        null,
        null,
        1,
        7,
        6,
        null,
        null,
        1,
        null,
        null,
        1,
        3,
        null,
        3,
        3,
        1,
        null,
        null,
        2,
        2,
        1,
        null,
        null,
        1,
        null,
        null,
        1,
        null,
        1,
        10,
        null,
        null,
        null,
        null
      ],
      "/Users/igor/Fadendaten/solidus_six_saferpay/spec/services/spree/solidus_six_saferpay/process_authorized_payment_spec.rb": [
        1,
        null,
        1,
        1,
        1,
        null,
        5,
        null,
        5,
        null,
        1,
        1,
        1,
        1,
        null,
        1,
        null,
        null,
        null,
        1,
        1,
        2,
        null,
        null,
        null,
        1,
        1,
        2,
        null,
        null,
        null,
        1,
        1,
        1,
        null,
        null,
        null,
        null,
        null
      ],
      "/Users/igor/Fadendaten/solidus_six_saferpay/app/services/spree/solidus_six_saferpay/process_authorized_payment.rb": [
        1,
        1,
        1,
        null,
        1,
        null,
        1,
        1,
        null,
        null,
        1,
        42,
        42,
        null,
        null,
        1,
        33,
        null,
        29,
        null,
        null,
        null,
        24,
        24,
        24,
        null,
        24,
        null,
        null,
        9,
        null,
        8,
        8,
        null,
        8,
        null,
        null,
        1,
        15,
        null,
        null,
        1,
        2,
        null,
        null,
        1,
        null,
        1,
        11,
        null,
        null,
        null,
        1,
        9,
        9,
        null,
        null,
        null,
        null,
        null,
        1,
        6,
        null,
        2,
        null,
        null,
        null,
        1,
        17,
        4,
        null,
        null,
        null,
        1,
        17,
        null,
        null,
        1,
        9,
        null,
        null,
        1,
        4,
        null,
        null,
        null,
        null
      ],
      "/Users/igor/Fadendaten/solidus_six_saferpay/spec/services/spree/solidus_six_saferpay/process_payment_page_payment_spec.rb": [
        1,
        null,
        1,
        1,
        1,
        null,
        14,
        null,
        20,
        null,
        1,
        1,
        null,
        null,
        1,
        null,
        1,
        16,
        null,
        null,
        1,
        null,
        1,
        8,
        null,
        null,
        null,
        8,
        8,
        8,
        null,
        null,
        1,
        1,
        null,
        3,
        null,
        1,
        1,
        1,
        null,
        1,
        null,
        1,
        null,
        null,
        1,
        1,
        1,
        null,
        1,
        null,
        1,
        null,
        1,
        null,
        null,
        null,
        null,
        1,
        1,
        1,
        1,
        null,
        1,
        null,
        1,
        null,
        null,
        1,
        1,
        1,
        null,
        1,
        null,
        1,
        null,
        null,
        null,
        null,
        1,
        5,
        null,
        1,
        3,
        null,
        1,
        1,
        1,
        null,
        1,
        null,
        1,
        null,
        null,
        1,
        1,
        1,
        1,
        null,
        1,
        null,
        null,
        null,
        1,
        3,
        1,
        1,
        1,
        null,
        1,
        null,
        1,
        null,
        null,
        1,
        1,
        1,
        1,
        null,
        1,
        null,
        null,
        null,
        null,
        null,
        1,
        1,
        5,
        null,
        null,
        null,
        5,
        5,
        5,
        null,
        null,
        1,
        1,
        1,
        null,
        null,
        1,
        1,
        1,
        null,
        1,
        null,
        null,
        1,
        1,
        null,
        1,
        null,
        1,
        null,
        null,
        null,
        1,
        1,
        2,
        null,
        null,
        1,
        1,
        null,
        1,
        null,
        null,
        1,
        1,
        null,
        1,
        null,
        null,
        null,
        null,
        1,
        1,
        3,
        3,
        null,
        null,
        1,
        2,
        2,
        2,
        null,
        1,
        null,
        null,
        null,
        null,
        null,
        1,
        null,
        null,
        1,
        1,
        1,
        null,
        1,
        null,
        null,
        null,
        1,
        1,
        null,
        1,
        null,
        null,
        1,
        1,
        null,
        1,
        null,
        1,
        null,
        null,
        null,
        null,
        null,
        null,
        null,
        null
      ],
      "/Users/igor/Fadendaten/solidus_six_saferpay/app/services/spree/solidus_six_saferpay/process_payment_page_payment.rb": [
        1,
        1,
        1,
        1,
        null,
        null,
        null
      ],
      "/Users/igor/Fadendaten/solidus_six_saferpay/spec/services/spree/solidus_six_saferpay/process_transaction_payment_spec.rb": [
        1,
        null,
        1,
        1,
        1,
        null,
        14,
        null,
        20,
        null,
        1,
        1,
        null,
        null,
        1,
        1,
        null,
        1,
        8,
        null,
        null,
        null,
        8,
        8,
        8,
        null,
        null,
        1,
        1,
        null,
        3,
        null,
        1,
        1,
        1,
        null,
        1,
        null,
        1,
        null,
        null,
        1,
        1,
        1,
        null,
        1,
        null,
        1,
        null,
        1,
        null,
        null,
        null,
        null,
        1,
        1,
        1,
        1,
        null,
        1,
        null,
        1,
        null,
        null,
        1,
        1,
        1,
        null,
        1,
        null,
        1,
        null,
        null,
        null,
        null,
        1,
        5,
        null,
        1,
        3,
        null,
        1,
        1,
        1,
        null,
        1,
        null,
        1,
        null,
        null,
        1,
        1,
        1,
        1,
        null,
        1,
        null,
        null,
        null,
        1,
        3,
        1,
        1,
        1,
        null,
        1,
        null,
        1,
        null,
        null,
        1,
        1,
        1,
        1,
        null,
        1,
        null,
        null,
        null,
        null,
        null,
        1,
        1,
        5,
        null,
        null,
        null,
        5,
        5,
        5,
        null,
        null,
        1,
        1,
        1,
        null,
        null,
        1,
        1,
        1,
        null,
        1,
        null,
        null,
        1,
        1,
        null,
        1,
        null,
        1,
        null,
        null,
        null,
        1,
        1,
        2,
        null,
        null,
        1,
        1,
        null,
        1,
        null,
        null,
        1,
        1,
        null,
        1,
        null,
        null,
        null,
        null,
        1,
        1,
        3,
        3,
        null,
        null,
        1,
        2,
        2,
        2,
        null,
        1,
        null,
        null,
        null,
        null,
        null,
        1,
        null,
        null,
        1,
        1,
        1,
        null,
        1,
        null,
        null,
        null,
        1,
        1,
        null,
        1,
        null,
        null,
        1,
        1,
        null,
        1,
        null,
        1,
        null,
        null,
        null,
        null,
        null,
        null,
        null
      ],
      "/Users/igor/Fadendaten/solidus_six_saferpay/app/services/spree/solidus_six_saferpay/process_transaction_payment.rb": [
        1,
        1,
        1,
        1,
        null,
        null,
        null
      ],
      "/Users/igor/Fadendaten/solidus_six_saferpay/spec/solidus_six_saferpay/gateway_spec.rb": [
        1,
        null,
        1,
        1,
        null,
        19,
        19,
        19,
        19,
        19,
        19,
        19,
        19,
        null,
        1,
        16,
        null,
        null,
        null,
        null,
        null,
        null,
        null,
        null,
        null,
        null,
        null,
        1,
        null,
        1,
        1,
        null,
        null,
        null,
        null,
        null,
        null,
        null,
        null,
        null,
        null,
        1,
        null,
        1,
        1,
        1,
        1,
        1,
        1,
        1,
        1,
        null,
        null,
        1,
        null,
        1,
        1,
        1,
        1,
        1,
        1,
        1,
        null,
        null,
        1,
        1,
        null,
        null,
        null,
        null,
        1,
        null,
        1,
        1,
        1,
        1,
        1,
        1,
        1,
        1,
        null,
        null,
        null,
        null,
        1,
        null,
        2,
        2,
        null,
        1,
        2,
        null,
        null,
        null,
        1,
        null,
        2,
        2,
        null,
        1,
        2,
        null,
        null,
        null,
        1,
        null,
        2,
        null,
        1,
        2,
        null,
        null,
        null,
        1,
        2,
        2,
        null,
        1,
        1,
        null,
        1,
        null,
        null,
        null,
        null,
        1,
        4,
        4,
        null,
        1,
        2,
        null,
        null,
        null,
        null,
        null,
        null,
        null,
        2,
        2,
        null,
        1,
        1,
        1,
        1,
        null,
        1,
        null,
        null,
        1,
        1,
        1,
        null,
        null,
        1,
        1,
        null,
        1,
        null,
        null,
        null,
        1,
        1,
        1,
        null,
        null,
        null,
        null,
        null,
        null,
        null,
        1,
        1,
        null,
        null,
        1,
        1,
        null,
        1,
        null,
        null,
        null,
        null,
        1,
        4,
        null,
        2,
        2,
        null,
        1,
        2,
        null,
        null,
        null,
        null,
        null,
        1,
        1,
        1,
        1,
        null,
        1,
        null,
        null,
        1,
        1,
        1,
        null,
        null,
        1,
        1,
        null,
        1,
        null,
        null,
        null,
        1,
        1,
        1,
        null,
        null,
        null,
        null,
        null,
        null,
        null,
        1,
        1,
        null,
        null,
        1,
        1,
        null,
        1,
        null,
        null,
        null,
        null,
        1,
        2,
        2,
        null,
        1,
        1,
        1,
        null,
        1,
        null,
        null,
        null,
        null,
        1,
        2,
        2,
        2,
        null,
        1,
        1,
        null,
        1,
        null,
        null,
        null,
        1,
        5,
        5,
        5,
        4,
        null,
        5,
        null,
        1,
        1,
        1,
        1,
        null,
        1,
        null,
        null,
        null,
        null,
        null,
        1,
        3,
        null,
        null,
        null,
        null,
        null,
        null,
        null,
        null,
        null,
        null,
        null,
        3,
        null,
        null,
        null,
        null,
        3,
        null,
        null,
        null,
        null,
        null,
        null,
        1,
        1,
        null,
        1,
        null,
        1,
        null,
        1,
        null,
        null,
        1,
        1,
        1,
        null,
        null,
        null,
        null,
        null,
        null,
        null,
        1,
        1,
        1,
        null,
        null,
        1,
        1,
        null,
        1,
        null,
        null,
        null,
        1,
        1,
        2,
        null,
        null,
        null,
        null,
        null,
        null,
        null,
        1,
        1,
        1,
        null,
        null,
        1,
        1,
        null,
        1,
        null,
        null,
        null,
        1,
        1,
        1,
        1,
        null,
        null,
        1,
        1,
        null,
        1,
        null,
        null,
        null,
        null,
        null,
        null,
        null
      ],
      "/Users/igor/Fadendaten/solidus_six_saferpay/lib/solidus_six_saferpay/gateway.rb": [
        1,
        1,
        null,
        1,
        null,
        1,
        27,
        27,
        27,
        null,
        null,
        37,
        37,
        37,
        37,
        37,
        37,
        null,
        null,
        null,
        1,
        1,
        null,
        null,
        0,
        null,
        null,
        null,
        null,
        null,
        0,
        null,
        null,
        1,
        1,
        null,
        null,
        1,
        1,
        null,
        null,
        1,
        1,
        null,
        null,
        1,
        5,
        5,
        null,
        5,
        null,
        3,
        null,
        null,
        null,
        null,
        null,
        null,
        null,
        2,
        null,
        null,
        1,
        3,
        3,
        null,
        3,
        null,
        2,
        null,
        null,
        null,
        null,
        null,
        1,
        null,
        null,
        1,
        1,
        1,
        null,
        null,
        null,
        null,
        1,
        1,
        null,
        null,
        1,
        4,
        4,
        null,
        4,
        4,
        4,
        null,
        4,
        null,
        4,
        null,
        null,
        3,
        null,
        null,
        null,
        1,
        null,
        null,
        1,
        null,
        1,
        1,
        null,
        null,
        1,
        0,
        0,
        null,
        null,
        null,
        null,
        null,
        0,
        0,
        null,
        null,
        null,
        null,
        null,
        null,
        null,
        null,
        null,
        null,
        null,
        null,
        null,
        null,
        null,
        0,
        0,
        null,
        null,
        null,
        null,
        null,
        null,
        null,
        null,
        null,
        null,
        null,
        null,
        null,
        null,
        null,
        null,
        0,
        null,
        0,
        null,
        0,
        0,
        null,
        0,
        null,
        null,
        1,
        9,
        null,
        null,
        1,
        null,
        4,
        null,
        4,
        null,
        null,
        null,
        null,
        null,
        null,
        null,
        null
      ],
      "/Users/igor/Fadendaten/solidus_six_saferpay/spec/solidus_six_saferpay/payment_page_gateway_spec.rb": [
        1,
        null,
        1,
        1,
        null,
        null,
        2,
        2,
        2,
        2,
        1,
        1,
        2,
        2,
        null,
        1,
        0,
        null,
        null,
        null,
        null,
        null,
        null,
        null,
        null,
        null,
        1,
        1,
        null,
        1,
        null,
        1,
        1,
        1,
        1,
        1,
        1,
        1,
        null,
        null,
        1,
        1,
        1,
        null,
        1,
        null,
        1,
        1,
        null,
        null,
        null,
        null,
        1,
        null,
        1,
        0,
        null,
        null,
        null,
        null,
        null,
        null,
        null,
        null,
        null,
        null,
        null,
        null,
        null,
        null,
        null,
        null,
        null,
        1,
        0,
        null,
        0,
        null,
        null,
        null,
        null,
        null,
        null,
        null,
        null,
        null,
        null,
        null,
        1,
        0,
        null,
        0,
        null,
        0,
        null,
        null,
        null,
        null
      ],
      "/Users/igor/Fadendaten/solidus_six_saferpay/lib/solidus_six_saferpay/payment_page_gateway.rb": [
        1,
        1,
        null,
        1,
        null,
        null,
        null,
        null,
        null,
        5,
        null,
        null,
        1,
        0,
        null,
        0,
        null,
        null,
        null,
        null,
        null,
        0,
        null,
        null,
        1,
        0,
        null,
        null,
        1,
        0,
        null,
        0,
        null,
        null,
        null,
        null,
        null,
        0,
        null,
        null,
        1,
        null,
        1,
        0,
        null,
        null,
        1,
        0,
        0,
        null,
        null,
        null
      ],
      "/Users/igor/Fadendaten/solidus_six_saferpay/lib/solidus_six_saferpay/transaction_gateway.rb": [
        1,
        1,
        null,
        1,
        null,
        null,
        null,
        null,
        null,
        4,
        null,
        null,
        1,
        0,
        0,
        null,
        0,
        null,
        null,
        null,
        null,
        null,
        0,
        null,
        null,
        1,
        0,
        0,
        null,
        0,
        null,
        null,
        null,
        null,
        null,
        0,
        null,
        null,
        1,
        null,
        1,
        0,
        null,
        null,
        null
      ],
      "/Users/igor/Fadendaten/solidus_six_saferpay/lib/solidus_six_saferpay/gateway_response.rb": [
        1,
        null,
        1,
        1,
        null,
        1,
        46,
        46,
        46,
        46,
        null,
        null,
        1,
        54,
        null,
        null,
        1,
        0,
        null,
        null,
        1,
        0,
        null,
        null,
        null,
        1,
        0,
        null,
        null,
        null,
        1,
        null,
        null,
        null,
        null
      ],
      "/Users/igor/Fadendaten/solidus_six_saferpay/lib/solidus_six_saferpay/invalid_saferpay_payment.rb": [
        1,
        1,
        1,
        14,
        null,
        null,
        1,
        8,
        null,
        null,
        null
      ],
      "/Users/igor/Fadendaten/solidus_six_saferpay/lib/solidus_six_saferpay/error_handler.rb": [
        1,
        null,
        1,
        null,
        null,
        1,
        4,
        4,
        0,
        null,
        null,
        null,
        null,
        null
      ],
      "/Users/igor/Fadendaten/solidus_six_saferpay/lib/solidus_six_saferpay/configuration.rb": [
        1,
        null,
        1,
        1,
        0,
        null,
        null,
        1,
        4,
        null,
        null,
        null
      ]
    },
    "timestamp": 1564416199
  }
}
